<?xml version="1.0" encoding="UTF-8"?>
<testsuite xmlns:xsi="http://www.w3.org/2001/XMLSchema-instance" xsi:noNamespaceSchemaLocation="https://maven.apache.org/surefire/maven-surefire-plugin/xsd/surefire-test-report-3.0.xsd" version="3.0" name="com.sugaram.SugaramApplicationTests" time="14.421" tests="1" errors="0" skipped="0" failures="0">
  <properties>
    <property name="java.specification.version" value="17"/>
    <property name="sun.jnu.encoding" value="UTF-8"/>
    <property name="java.class.path" value="/home/shaxobiddin/Downloads/Telegram Desktop/sugaram/target/test-classes:/home/shaxobiddin/Downloads/Telegram Desktop/sugaram/target/classes:/home/shaxobiddin/.m2/repository/org/springframework/boot/spring-boot-starter-data-jpa/3.3.4/spring-boot-starter-data-jpa-3.3.4.jar:/home/shaxobiddin/.m2/repository/org/springframework/boot/spring-boot-starter-aop/3.3.4/spring-boot-starter-aop-3.3.4.jar:/home/shaxobiddin/.m2/repository/org/aspectj/aspectjweaver/1.9.22.1/aspectjweaver-1.9.22.1.jar:/home/shaxobiddin/.m2/repository/org/springframework/boot/spring-boot-starter-jdbc/3.3.4/spring-boot-starter-jdbc-3.3.4.jar:/home/shaxobiddin/.m2/repository/com/zaxxer/HikariCP/5.1.0/HikariCP-5.1.0.jar:/home/shaxobiddin/.m2/repository/org/springframework/spring-jdbc/6.1.13/spring-jdbc-6.1.13.jar:/home/shaxobiddin/.m2/repository/org/hibernate/orm/hibernate-core/6.5.3.Final/hibernate-core-6.5.3.Final.jar:/home/shaxobiddin/.m2/repository/jakarta/persistence/jakarta.persistence-api/3.1.0/jakarta.persistence-api-3.1.0.jar:/home/shaxobiddin/.m2/repository/jakarta/transaction/jakarta.transaction-api/2.0.1/jakarta.transaction-api-2.0.1.jar:/home/shaxobiddin/.m2/repository/org/jboss/logging/jboss-logging/3.5.3.Final/jboss-logging-3.5.3.Final.jar:/home/shaxobiddin/.m2/repository/org/hibernate/common/hibernate-commons-annotations/6.0.6.Final/hibernate-commons-annotations-6.0.6.Final.jar:/home/shaxobiddin/.m2/repository/io/smallrye/jandex/3.1.2/jandex-3.1.2.jar:/home/shaxobiddin/.m2/repository/com/fasterxml/classmate/1.7.0/classmate-1.7.0.jar:/home/shaxobiddin/.m2/repository/net/bytebuddy/byte-buddy/1.14.19/byte-buddy-1.14.19.jar:/home/shaxobiddin/.m2/repository/org/glassfish/jaxb/jaxb-runtime/4.0.5/jaxb-runtime-4.0.5.jar:/home/shaxobiddin/.m2/repository/org/glassfish/jaxb/jaxb-core/4.0.5/jaxb-core-4.0.5.jar:/home/shaxobiddin/.m2/repository/org/eclipse/angus/angus-activation/2.0.2/angus-activation-2.0.2.jar:/home/shaxobiddin/.m2/repository/org/glassfish/jaxb/txw2/4.0.5/txw2-4.0.5.jar:/home/shaxobiddin/.m2/repository/com/sun/istack/istack-commons-runtime/4.1.2/istack-commons-runtime-4.1.2.jar:/home/shaxobiddin/.m2/repository/jakarta/inject/jakarta.inject-api/2.0.1/jakarta.inject-api-2.0.1.jar:/home/shaxobiddin/.m2/repository/org/antlr/antlr4-runtime/4.13.0/antlr4-runtime-4.13.0.jar:/home/shaxobiddin/.m2/repository/org/springframework/data/spring-data-jpa/3.3.4/spring-data-jpa-3.3.4.jar:/home/shaxobiddin/.m2/repository/org/springframework/data/spring-data-commons/3.3.4/spring-data-commons-3.3.4.jar:/home/shaxobiddin/.m2/repository/org/springframework/spring-orm/6.1.13/spring-orm-6.1.13.jar:/home/shaxobiddin/.m2/repository/org/springframework/spring-context/6.1.13/spring-context-6.1.13.jar:/home/shaxobiddin/.m2/repository/org/springframework/spring-tx/6.1.13/spring-tx-6.1.13.jar:/home/shaxobiddin/.m2/repository/org/springframework/spring-beans/6.1.13/spring-beans-6.1.13.jar:/home/shaxobiddin/.m2/repository/jakarta/annotation/jakarta.annotation-api/2.1.1/jakarta.annotation-api-2.1.1.jar:/home/shaxobiddin/.m2/repository/org/slf4j/slf4j-api/2.0.16/slf4j-api-2.0.16.jar:/home/shaxobiddin/.m2/repository/org/springframework/spring-aspects/6.1.13/spring-aspects-6.1.13.jar:/home/shaxobiddin/.m2/repository/org/springframework/boot/spring-boot-starter-security/3.3.4/spring-boot-starter-security-3.3.4.jar:/home/shaxobiddin/.m2/repository/org/springframework/boot/spring-boot-starter/3.3.4/spring-boot-starter-3.3.4.jar:/home/shaxobiddin/.m2/repository/org/springframework/boot/spring-boot/3.3.4/spring-boot-3.3.4.jar:/home/shaxobiddin/.m2/repository/org/springframework/boot/spring-boot-autoconfigure/3.3.4/spring-boot-autoconfigure-3.3.4.jar:/home/shaxobiddin/.m2/repository/org/springframework/boot/spring-boot-starter-logging/3.3.4/spring-boot-starter-logging-3.3.4.jar:/home/shaxobiddin/.m2/repository/ch/qos/logback/logback-classic/1.5.8/logback-classic-1.5.8.jar:/home/shaxobiddin/.m2/repository/ch/qos/logback/logback-core/1.5.8/logback-core-1.5.8.jar:/home/shaxobiddin/.m2/repository/org/apache/logging/log4j/log4j-to-slf4j/2.23.1/log4j-to-slf4j-2.23.1.jar:/home/shaxobiddin/.m2/repository/org/apache/logging/log4j/log4j-api/2.23.1/log4j-api-2.23.1.jar:/home/shaxobiddin/.m2/repository/org/slf4j/jul-to-slf4j/2.0.16/jul-to-slf4j-2.0.16.jar:/home/shaxobiddin/.m2/repository/org/yaml/snakeyaml/2.2/snakeyaml-2.2.jar:/home/shaxobiddin/.m2/repository/org/springframework/spring-aop/6.1.13/spring-aop-6.1.13.jar:/home/shaxobiddin/.m2/repository/org/springframework/security/spring-security-config/6.3.3/spring-security-config-6.3.3.jar:/home/shaxobiddin/.m2/repository/org/springframework/security/spring-security-web/6.3.3/spring-security-web-6.3.3.jar:/home/shaxobiddin/.m2/repository/org/springframework/spring-expression/6.1.13/spring-expression-6.1.13.jar:/home/shaxobiddin/.m2/repository/org/springframework/boot/spring-boot-starter-web/3.3.4/spring-boot-starter-web-3.3.4.jar:/home/shaxobiddin/.m2/repository/org/springframework/boot/spring-boot-starter-json/3.3.4/spring-boot-starter-json-3.3.4.jar:/home/shaxobiddin/.m2/repository/com/fasterxml/jackson/datatype/jackson-datatype-jdk8/2.17.2/jackson-datatype-jdk8-2.17.2.jar:/home/shaxobiddin/.m2/repository/com/fasterxml/jackson/datatype/jackson-datatype-jsr310/2.17.2/jackson-datatype-jsr310-2.17.2.jar:/home/shaxobiddin/.m2/repository/com/fasterxml/jackson/module/jackson-module-parameter-names/2.17.2/jackson-module-parameter-names-2.17.2.jar:/home/shaxobiddin/.m2/repository/org/springframework/boot/spring-boot-starter-tomcat/3.3.4/spring-boot-starter-tomcat-3.3.4.jar:/home/shaxobiddin/.m2/repository/org/apache/tomcat/embed/tomcat-embed-core/10.1.30/tomcat-embed-core-10.1.30.jar:/home/shaxobiddin/.m2/repository/org/apache/tomcat/embed/tomcat-embed-el/10.1.30/tomcat-embed-el-10.1.30.jar:/home/shaxobiddin/.m2/repository/org/apache/tomcat/embed/tomcat-embed-websocket/10.1.30/tomcat-embed-websocket-10.1.30.jar:/home/shaxobiddin/.m2/repository/org/springframework/spring-web/6.1.13/spring-web-6.1.13.jar:/home/shaxobiddin/.m2/repository/io/micrometer/micrometer-observation/1.13.4/micrometer-observation-1.13.4.jar:/home/shaxobiddin/.m2/repository/io/micrometer/micrometer-commons/1.13.4/micrometer-commons-1.13.4.jar:/home/shaxobiddin/.m2/repository/org/springframework/spring-webmvc/6.1.13/spring-webmvc-6.1.13.jar:/home/shaxobiddin/.m2/repository/org/postgresql/postgresql/42.7.4/postgresql-42.7.4.jar:/home/shaxobiddin/.m2/repository/org/checkerframework/checker-qual/3.42.0/checker-qual-3.42.0.jar:/home/shaxobiddin/.m2/repository/org/projectlombok/lombok/1.18.34/lombok-1.18.34.jar:/home/shaxobiddin/.m2/repository/org/springframework/boot/spring-boot-starter-test/3.3.4/spring-boot-starter-test-3.3.4.jar:/home/shaxobiddin/.m2/repository/org/springframework/boot/spring-boot-test/3.3.4/spring-boot-test-3.3.4.jar:/home/shaxobiddin/.m2/repository/org/springframework/boot/spring-boot-test-autoconfigure/3.3.4/spring-boot-test-autoconfigure-3.3.4.jar:/home/shaxobiddin/.m2/repository/com/jayway/jsonpath/json-path/2.9.0/json-path-2.9.0.jar:/home/shaxobiddin/.m2/repository/jakarta/xml/bind/jakarta.xml.bind-api/4.0.2/jakarta.xml.bind-api-4.0.2.jar:/home/shaxobiddin/.m2/repository/jakarta/activation/jakarta.activation-api/2.1.3/jakarta.activation-api-2.1.3.jar:/home/shaxobiddin/.m2/repository/net/minidev/json-smart/2.5.1/json-smart-2.5.1.jar:/home/shaxobiddin/.m2/repository/net/minidev/accessors-smart/2.5.1/accessors-smart-2.5.1.jar:/home/shaxobiddin/.m2/repository/org/ow2/asm/asm/9.6/asm-9.6.jar:/home/shaxobiddin/.m2/repository/org/assertj/assertj-core/3.25.3/assertj-core-3.25.3.jar:/home/shaxobiddin/.m2/repository/org/awaitility/awaitility/4.2.2/awaitility-4.2.2.jar:/home/shaxobiddin/.m2/repository/org/hamcrest/hamcrest/2.2/hamcrest-2.2.jar:/home/shaxobiddin/.m2/repository/org/junit/jupiter/junit-jupiter/5.10.3/junit-jupiter-5.10.3.jar:/home/shaxobiddin/.m2/repository/org/junit/jupiter/junit-jupiter-api/5.10.3/junit-jupiter-api-5.10.3.jar:/home/shaxobiddin/.m2/repository/org/opentest4j/opentest4j/1.3.0/opentest4j-1.3.0.jar:/home/shaxobiddin/.m2/repository/org/junit/platform/junit-platform-commons/1.10.3/junit-platform-commons-1.10.3.jar:/home/shaxobiddin/.m2/repository/org/apiguardian/apiguardian-api/1.1.2/apiguardian-api-1.1.2.jar:/home/shaxobiddin/.m2/repository/org/junit/jupiter/junit-jupiter-params/5.10.3/junit-jupiter-params-5.10.3.jar:/home/shaxobiddin/.m2/repository/org/junit/jupiter/junit-jupiter-engine/5.10.3/junit-jupiter-engine-5.10.3.jar:/home/shaxobiddin/.m2/repository/org/junit/platform/junit-platform-engine/1.10.3/junit-platform-engine-1.10.3.jar:/home/shaxobiddin/.m2/repository/org/mockito/mockito-core/5.11.0/mockito-core-5.11.0.jar:/home/shaxobiddin/.m2/repository/net/bytebuddy/byte-buddy-agent/1.14.19/byte-buddy-agent-1.14.19.jar:/home/shaxobiddin/.m2/repository/org/objenesis/objenesis/3.3/objenesis-3.3.jar:/home/shaxobiddin/.m2/repository/org/mockito/mockito-junit-jupiter/5.11.0/mockito-junit-jupiter-5.11.0.jar:/home/shaxobiddin/.m2/repository/org/skyscreamer/jsonassert/1.5.3/jsonassert-1.5.3.jar:/home/shaxobiddin/.m2/repository/com/vaadin/external/google/android-json/0.0.20131108.vaadin1/android-json-0.0.20131108.vaadin1.jar:/home/shaxobiddin/.m2/repository/org/springframework/spring-core/6.1.13/spring-core-6.1.13.jar:/home/shaxobiddin/.m2/repository/org/springframework/spring-jcl/6.1.13/spring-jcl-6.1.13.jar:/home/shaxobiddin/.m2/repository/org/springframework/spring-test/6.1.13/spring-test-6.1.13.jar:/home/shaxobiddin/.m2/repository/org/xmlunit/xmlunit-core/2.9.1/xmlunit-core-2.9.1.jar:/home/shaxobiddin/.m2/repository/org/springframework/security/spring-security-test/6.3.3/spring-security-test-6.3.3.jar:/home/shaxobiddin/.m2/repository/org/springframework/security/spring-security-core/6.3.3/spring-security-core-6.3.3.jar:/home/shaxobiddin/.m2/repository/org/springframework/security/spring-security-crypto/6.3.3/spring-security-crypto-6.3.3.jar:/home/shaxobiddin/.m2/repository/io/jsonwebtoken/jjwt-api/0.12.3/jjwt-api-0.12.3.jar:/home/shaxobiddin/.m2/repository/io/jsonwebtoken/jjwt-impl/0.12.3/jjwt-impl-0.12.3.jar:/home/shaxobiddin/.m2/repository/io/jsonwebtoken/jjwt-jackson/0.12.3/jjwt-jackson-0.12.3.jar:/home/shaxobiddin/.m2/repository/com/fasterxml/jackson/core/jackson-databind/2.17.2/jackson-databind-2.17.2.jar:/home/shaxobiddin/.m2/repository/com/fasterxml/jackson/core/jackson-annotations/2.17.2/jackson-annotations-2.17.2.jar:/home/shaxobiddin/.m2/repository/com/fasterxml/jackson/core/jackson-core/2.17.2/jackson-core-2.17.2.jar:/home/shaxobiddin/.m2/repository/org/springdoc/springdoc-openapi-starter-webmvc-ui/2.6.0/springdoc-openapi-starter-webmvc-ui-2.6.0.jar:/home/shaxobiddin/.m2/repository/org/springdoc/springdoc-openapi-starter-webmvc-api/2.6.0/springdoc-openapi-starter-webmvc-api-2.6.0.jar:/home/shaxobiddin/.m2/repository/org/springdoc/springdoc-openapi-starter-common/2.6.0/springdoc-openapi-starter-common-2.6.0.jar:/home/shaxobiddin/.m2/repository/io/swagger/core/v3/swagger-core-jakarta/2.2.22/swagger-core-jakarta-2.2.22.jar:/home/shaxobiddin/.m2/repository/org/apache/commons/commons-lang3/3.14.0/commons-lang3-3.14.0.jar:/home/shaxobiddin/.m2/repository/io/swagger/core/v3/swagger-annotations-jakarta/2.2.22/swagger-annotations-jakarta-2.2.22.jar:/home/shaxobiddin/.m2/repository/io/swagger/core/v3/swagger-models-jakarta/2.2.22/swagger-models-jakarta-2.2.22.jar:/home/shaxobiddin/.m2/repository/jakarta/validation/jakarta.validation-api/3.0.2/jakarta.validation-api-3.0.2.jar:/home/shaxobiddin/.m2/repository/com/fasterxml/jackson/dataformat/jackson-dataformat-yaml/2.17.2/jackson-dataformat-yaml-2.17.2.jar:/home/shaxobiddin/.m2/repository/org/webjars/swagger-ui/5.17.14/swagger-ui-5.17.14.jar:"/>
    <property name="java.vm.vendor" value="Amazon.com Inc."/>
    <property name="sun.arch.data.model" value="64"/>
    <property name="java.vendor.url" value="https://aws.amazon.com/corretto/"/>
    <property name="user.timezone" value="Asia/Tashkent"/>
    <property name="org.jboss.logging.provider" value="slf4j"/>
    <property name="os.name" value="Linux"/>
    <property name="java.vm.specification.version" value="17"/>
    <property name="sun.java.launcher" value="SUN_STANDARD"/>
    <property name="user.country" value="US"/>
    <property name="sun.boot.library.path" value="/home/shaxobiddin/.jdks/corretto-17.0.12/lib"/>
    <property name="sun.java.command" value="/home/shaxobiddin/Downloads/Telegram Desktop/sugaram/target/surefire/surefirebooter-20241026173916999_3.jar /home/shaxobiddin/Downloads/Telegram Desktop/sugaram/target/surefire 2024-10-26T17-39-11_889-jvmRun1 surefire-20241026173916999_1tmp surefire_0-20241026173916999_2tmp"/>
    <property name="jdk.debug" value="release"/>
    <property name="surefire.test.class.path" value="/home/shaxobiddin/Downloads/Telegram Desktop/sugaram/target/test-classes:/home/shaxobiddin/Downloads/Telegram Desktop/sugaram/target/classes:/home/shaxobiddin/.m2/repository/org/springframework/boot/spring-boot-starter-data-jpa/3.3.4/spring-boot-starter-data-jpa-3.3.4.jar:/home/shaxobiddin/.m2/repository/org/springframework/boot/spring-boot-starter-aop/3.3.4/spring-boot-starter-aop-3.3.4.jar:/home/shaxobiddin/.m2/repository/org/aspectj/aspectjweaver/1.9.22.1/aspectjweaver-1.9.22.1.jar:/home/shaxobiddin/.m2/repository/org/springframework/boot/spring-boot-starter-jdbc/3.3.4/spring-boot-starter-jdbc-3.3.4.jar:/home/shaxobiddin/.m2/repository/com/zaxxer/HikariCP/5.1.0/HikariCP-5.1.0.jar:/home/shaxobiddin/.m2/repository/org/springframework/spring-jdbc/6.1.13/spring-jdbc-6.1.13.jar:/home/shaxobiddin/.m2/repository/org/hibernate/orm/hibernate-core/6.5.3.Final/hibernate-core-6.5.3.Final.jar:/home/shaxobiddin/.m2/repository/jakarta/persistence/jakarta.persistence-api/3.1.0/jakarta.persistence-api-3.1.0.jar:/home/shaxobiddin/.m2/repository/jakarta/transaction/jakarta.transaction-api/2.0.1/jakarta.transaction-api-2.0.1.jar:/home/shaxobiddin/.m2/repository/org/jboss/logging/jboss-logging/3.5.3.Final/jboss-logging-3.5.3.Final.jar:/home/shaxobiddin/.m2/repository/org/hibernate/common/hibernate-commons-annotations/6.0.6.Final/hibernate-commons-annotations-6.0.6.Final.jar:/home/shaxobiddin/.m2/repository/io/smallrye/jandex/3.1.2/jandex-3.1.2.jar:/home/shaxobiddin/.m2/repository/com/fasterxml/classmate/1.7.0/classmate-1.7.0.jar:/home/shaxobiddin/.m2/repository/net/bytebuddy/byte-buddy/1.14.19/byte-buddy-1.14.19.jar:/home/shaxobiddin/.m2/repository/org/glassfish/jaxb/jaxb-runtime/4.0.5/jaxb-runtime-4.0.5.jar:/home/shaxobiddin/.m2/repository/org/glassfish/jaxb/jaxb-core/4.0.5/jaxb-core-4.0.5.jar:/home/shaxobiddin/.m2/repository/org/eclipse/angus/angus-activation/2.0.2/angus-activation-2.0.2.jar:/home/shaxobiddin/.m2/repository/org/glassfish/jaxb/txw2/4.0.5/txw2-4.0.5.jar:/home/shaxobiddin/.m2/repository/com/sun/istack/istack-commons-runtime/4.1.2/istack-commons-runtime-4.1.2.jar:/home/shaxobiddin/.m2/repository/jakarta/inject/jakarta.inject-api/2.0.1/jakarta.inject-api-2.0.1.jar:/home/shaxobiddin/.m2/repository/org/antlr/antlr4-runtime/4.13.0/antlr4-runtime-4.13.0.jar:/home/shaxobiddin/.m2/repository/org/springframework/data/spring-data-jpa/3.3.4/spring-data-jpa-3.3.4.jar:/home/shaxobiddin/.m2/repository/org/springframework/data/spring-data-commons/3.3.4/spring-data-commons-3.3.4.jar:/home/shaxobiddin/.m2/repository/org/springframework/spring-orm/6.1.13/spring-orm-6.1.13.jar:/home/shaxobiddin/.m2/repository/org/springframework/spring-context/6.1.13/spring-context-6.1.13.jar:/home/shaxobiddin/.m2/repository/org/springframework/spring-tx/6.1.13/spring-tx-6.1.13.jar:/home/shaxobiddin/.m2/repository/org/springframework/spring-beans/6.1.13/spring-beans-6.1.13.jar:/home/shaxobiddin/.m2/repository/jakarta/annotation/jakarta.annotation-api/2.1.1/jakarta.annotation-api-2.1.1.jar:/home/shaxobiddin/.m2/repository/org/slf4j/slf4j-api/2.0.16/slf4j-api-2.0.16.jar:/home/shaxobiddin/.m2/repository/org/springframework/spring-aspects/6.1.13/spring-aspects-6.1.13.jar:/home/shaxobiddin/.m2/repository/org/springframework/boot/spring-boot-starter-security/3.3.4/spring-boot-starter-security-3.3.4.jar:/home/shaxobiddin/.m2/repository/org/springframework/boot/spring-boot-starter/3.3.4/spring-boot-starter-3.3.4.jar:/home/shaxobiddin/.m2/repository/org/springframework/boot/spring-boot/3.3.4/spring-boot-3.3.4.jar:/home/shaxobiddin/.m2/repository/org/springframework/boot/spring-boot-autoconfigure/3.3.4/spring-boot-autoconfigure-3.3.4.jar:/home/shaxobiddin/.m2/repository/org/springframework/boot/spring-boot-starter-logging/3.3.4/spring-boot-starter-logging-3.3.4.jar:/home/shaxobiddin/.m2/repository/ch/qos/logback/logback-classic/1.5.8/logback-classic-1.5.8.jar:/home/shaxobiddin/.m2/repository/ch/qos/logback/logback-core/1.5.8/logback-core-1.5.8.jar:/home/shaxobiddin/.m2/repository/org/apache/logging/log4j/log4j-to-slf4j/2.23.1/log4j-to-slf4j-2.23.1.jar:/home/shaxobiddin/.m2/repository/org/apache/logging/log4j/log4j-api/2.23.1/log4j-api-2.23.1.jar:/home/shaxobiddin/.m2/repository/org/slf4j/jul-to-slf4j/2.0.16/jul-to-slf4j-2.0.16.jar:/home/shaxobiddin/.m2/repository/org/yaml/snakeyaml/2.2/snakeyaml-2.2.jar:/home/shaxobiddin/.m2/repository/org/springframework/spring-aop/6.1.13/spring-aop-6.1.13.jar:/home/shaxobiddin/.m2/repository/org/springframework/security/spring-security-config/6.3.3/spring-security-config-6.3.3.jar:/home/shaxobiddin/.m2/repository/org/springframework/security/spring-security-web/6.3.3/spring-security-web-6.3.3.jar:/home/shaxobiddin/.m2/repository/org/springframework/spring-expression/6.1.13/spring-expression-6.1.13.jar:/home/shaxobiddin/.m2/repository/org/springframework/boot/spring-boot-starter-web/3.3.4/spring-boot-starter-web-3.3.4.jar:/home/shaxobiddin/.m2/repository/org/springframework/boot/spring-boot-starter-json/3.3.4/spring-boot-starter-json-3.3.4.jar:/home/shaxobiddin/.m2/repository/com/fasterxml/jackson/datatype/jackson-datatype-jdk8/2.17.2/jackson-datatype-jdk8-2.17.2.jar:/home/shaxobiddin/.m2/repository/com/fasterxml/jackson/datatype/jackson-datatype-jsr310/2.17.2/jackson-datatype-jsr310-2.17.2.jar:/home/shaxobiddin/.m2/repository/com/fasterxml/jackson/module/jackson-module-parameter-names/2.17.2/jackson-module-parameter-names-2.17.2.jar:/home/shaxobiddin/.m2/repository/org/springframework/boot/spring-boot-starter-tomcat/3.3.4/spring-boot-starter-tomcat-3.3.4.jar:/home/shaxobiddin/.m2/repository/org/apache/tomcat/embed/tomcat-embed-core/10.1.30/tomcat-embed-core-10.1.30.jar:/home/shaxobiddin/.m2/repository/org/apache/tomcat/embed/tomcat-embed-el/10.1.30/tomcat-embed-el-10.1.30.jar:/home/shaxobiddin/.m2/repository/org/apache/tomcat/embed/tomcat-embed-websocket/10.1.30/tomcat-embed-websocket-10.1.30.jar:/home/shaxobiddin/.m2/repository/org/springframework/spring-web/6.1.13/spring-web-6.1.13.jar:/home/shaxobiddin/.m2/repository/io/micrometer/micrometer-observation/1.13.4/micrometer-observation-1.13.4.jar:/home/shaxobiddin/.m2/repository/io/micrometer/micrometer-commons/1.13.4/micrometer-commons-1.13.4.jar:/home/shaxobiddin/.m2/repository/org/springframework/spring-webmvc/6.1.13/spring-webmvc-6.1.13.jar:/home/shaxobiddin/.m2/repository/org/postgresql/postgresql/42.7.4/postgresql-42.7.4.jar:/home/shaxobiddin/.m2/repository/org/checkerframework/checker-qual/3.42.0/checker-qual-3.42.0.jar:/home/shaxobiddin/.m2/repository/org/projectlombok/lombok/1.18.34/lombok-1.18.34.jar:/home/shaxobiddin/.m2/repository/org/springframework/boot/spring-boot-starter-test/3.3.4/spring-boot-starter-test-3.3.4.jar:/home/shaxobiddin/.m2/repository/org/springframework/boot/spring-boot-test/3.3.4/spring-boot-test-3.3.4.jar:/home/shaxobiddin/.m2/repository/org/springframework/boot/spring-boot-test-autoconfigure/3.3.4/spring-boot-test-autoconfigure-3.3.4.jar:/home/shaxobiddin/.m2/repository/com/jayway/jsonpath/json-path/2.9.0/json-path-2.9.0.jar:/home/shaxobiddin/.m2/repository/jakarta/xml/bind/jakarta.xml.bind-api/4.0.2/jakarta.xml.bind-api-4.0.2.jar:/home/shaxobiddin/.m2/repository/jakarta/activation/jakarta.activation-api/2.1.3/jakarta.activation-api-2.1.3.jar:/home/shaxobiddin/.m2/repository/net/minidev/json-smart/2.5.1/json-smart-2.5.1.jar:/home/shaxobiddin/.m2/repository/net/minidev/accessors-smart/2.5.1/accessors-smart-2.5.1.jar:/home/shaxobiddin/.m2/repository/org/ow2/asm/asm/9.6/asm-9.6.jar:/home/shaxobiddin/.m2/repository/org/assertj/assertj-core/3.25.3/assertj-core-3.25.3.jar:/home/shaxobiddin/.m2/repository/org/awaitility/awaitility/4.2.2/awaitility-4.2.2.jar:/home/shaxobiddin/.m2/repository/org/hamcrest/hamcrest/2.2/hamcrest-2.2.jar:/home/shaxobiddin/.m2/repository/org/junit/jupiter/junit-jupiter/5.10.3/junit-jupiter-5.10.3.jar:/home/shaxobiddin/.m2/repository/org/junit/jupiter/junit-jupiter-api/5.10.3/junit-jupiter-api-5.10.3.jar:/home/shaxobiddin/.m2/repository/org/opentest4j/opentest4j/1.3.0/opentest4j-1.3.0.jar:/home/shaxobiddin/.m2/repository/org/junit/platform/junit-platform-commons/1.10.3/junit-platform-commons-1.10.3.jar:/home/shaxobiddin/.m2/repository/org/apiguardian/apiguardian-api/1.1.2/apiguardian-api-1.1.2.jar:/home/shaxobiddin/.m2/repository/org/junit/jupiter/junit-jupiter-params/5.10.3/junit-jupiter-params-5.10.3.jar:/home/shaxobiddin/.m2/repository/org/junit/jupiter/junit-jupiter-engine/5.10.3/junit-jupiter-engine-5.10.3.jar:/home/shaxobiddin/.m2/repository/org/junit/platform/junit-platform-engine/1.10.3/junit-platform-engine-1.10.3.jar:/home/shaxobiddin/.m2/repository/org/mockito/mockito-core/5.11.0/mockito-core-5.11.0.jar:/home/shaxobiddin/.m2/repository/net/bytebuddy/byte-buddy-agent/1.14.19/byte-buddy-agent-1.14.19.jar:/home/shaxobiddin/.m2/repository/org/objenesis/objenesis/3.3/objenesis-3.3.jar:/home/shaxobiddin/.m2/repository/org/mockito/mockito-junit-jupiter/5.11.0/mockito-junit-jupiter-5.11.0.jar:/home/shaxobiddin/.m2/repository/org/skyscreamer/jsonassert/1.5.3/jsonassert-1.5.3.jar:/home/shaxobiddin/.m2/repository/com/vaadin/external/google/android-json/0.0.20131108.vaadin1/android-json-0.0.20131108.vaadin1.jar:/home/shaxobiddin/.m2/repository/org/springframework/spring-core/6.1.13/spring-core-6.1.13.jar:/home/shaxobiddin/.m2/repository/org/springframework/spring-jcl/6.1.13/spring-jcl-6.1.13.jar:/home/shaxobiddin/.m2/repository/org/springframework/spring-test/6.1.13/spring-test-6.1.13.jar:/home/shaxobiddin/.m2/repository/org/xmlunit/xmlunit-core/2.9.1/xmlunit-core-2.9.1.jar:/home/shaxobiddin/.m2/repository/org/springframework/security/spring-security-test/6.3.3/spring-security-test-6.3.3.jar:/home/shaxobiddin/.m2/repository/org/springframework/security/spring-security-core/6.3.3/spring-security-core-6.3.3.jar:/home/shaxobiddin/.m2/repository/org/springframework/security/spring-security-crypto/6.3.3/spring-security-crypto-6.3.3.jar:/home/shaxobiddin/.m2/repository/io/jsonwebtoken/jjwt-api/0.12.3/jjwt-api-0.12.3.jar:/home/shaxobiddin/.m2/repository/io/jsonwebtoken/jjwt-impl/0.12.3/jjwt-impl-0.12.3.jar:/home/shaxobiddin/.m2/repository/io/jsonwebtoken/jjwt-jackson/0.12.3/jjwt-jackson-0.12.3.jar:/home/shaxobiddin/.m2/repository/com/fasterxml/jackson/core/jackson-databind/2.17.2/jackson-databind-2.17.2.jar:/home/shaxobiddin/.m2/repository/com/fasterxml/jackson/core/jackson-annotations/2.17.2/jackson-annotations-2.17.2.jar:/home/shaxobiddin/.m2/repository/com/fasterxml/jackson/core/jackson-core/2.17.2/jackson-core-2.17.2.jar:/home/shaxobiddin/.m2/repository/org/springdoc/springdoc-openapi-starter-webmvc-ui/2.6.0/springdoc-openapi-starter-webmvc-ui-2.6.0.jar:/home/shaxobiddin/.m2/repository/org/springdoc/springdoc-openapi-starter-webmvc-api/2.6.0/springdoc-openapi-starter-webmvc-api-2.6.0.jar:/home/shaxobiddin/.m2/repository/org/springdoc/springdoc-openapi-starter-common/2.6.0/springdoc-openapi-starter-common-2.6.0.jar:/home/shaxobiddin/.m2/repository/io/swagger/core/v3/swagger-core-jakarta/2.2.22/swagger-core-jakarta-2.2.22.jar:/home/shaxobiddin/.m2/repository/org/apache/commons/commons-lang3/3.14.0/commons-lang3-3.14.0.jar:/home/shaxobiddin/.m2/repository/io/swagger/core/v3/swagger-annotations-jakarta/2.2.22/swagger-annotations-jakarta-2.2.22.jar:/home/shaxobiddin/.m2/repository/io/swagger/core/v3/swagger-models-jakarta/2.2.22/swagger-models-jakarta-2.2.22.jar:/home/shaxobiddin/.m2/repository/jakarta/validation/jakarta.validation-api/3.0.2/jakarta.validation-api-3.0.2.jar:/home/shaxobiddin/.m2/repository/com/fasterxml/jackson/dataformat/jackson-dataformat-yaml/2.17.2/jackson-dataformat-yaml-2.17.2.jar:/home/shaxobiddin/.m2/repository/org/webjars/swagger-ui/5.17.14/swagger-ui-5.17.14.jar:"/>
    <property name="sun.cpu.endian" value="little"/>
    <property name="user.home" value="/home/shaxobiddin"/>
    <property name="user.language" value="en"/>
    <property name="java.specification.vendor" value="Oracle Corporation"/>
    <property name="java.version.date" value="2024-07-16"/>
    <property name="java.home" value="/home/shaxobiddin/.jdks/corretto-17.0.12"/>
    <property name="file.separator" value="/"/>
    <property name="basedir" value="/home/shaxobiddin/Downloads/Telegram Desktop/sugaram"/>
    <property name="java.vm.compressedOopsMode" value="32-bit"/>
    <property name="line.separator" value="&#10;"/>
    <property name="java.specification.name" value="Java Platform API Specification"/>
    <property name="java.vm.specification.vendor" value="Oracle Corporation"/>
    <property name="FILE_LOG_CHARSET" value="UTF-8"/>
    <property name="java.awt.headless" value="true"/>
    <property name="surefire.real.class.path" value="/home/shaxobiddin/Downloads/Telegram Desktop/sugaram/target/surefire/surefirebooter-20241026173916999_3.jar"/>
    <property name="sun.management.compiler" value="HotSpot 64-Bit Tiered Compilers"/>
    <property name="java.runtime.version" value="17.0.12+7-LTS"/>
    <property name="user.name" value="shaxobiddin"/>
    <property name="path.separator" value=":"/>
    <property name="os.version" value="6.8.0-45-generic"/>
    <property name="java.runtime.name" value="OpenJDK Runtime Environment"/>
    <property name="file.encoding" value="UTF-8"/>
    <property name="java.vm.name" value="OpenJDK 64-Bit Server VM"/>
    <property name="java.vendor.version" value="Corretto-17.0.12.7.1"/>
    <property name="localRepository" value="/home/shaxobiddin/.m2/repository"/>
    <property name="java.vendor.url.bug" value="https://github.com/corretto/corretto-17/issues/"/>
    <property name="java.io.tmpdir" value="/tmp"/>
    <property name="idea.version" value="2024.2.4"/>
    <property name="com.zaxxer.hikari.pool_number" value="1"/>
    <property name="java.version" value="17.0.12"/>
    <property name="user.dir" value="/home/shaxobiddin/Downloads/Telegram Desktop/sugaram"/>
    <property name="os.arch" value="amd64"/>
    <property name="java.vm.specification.name" value="Java Virtual Machine Specification"/>
    <property name="PID" value="26011"/>
    <property name="CONSOLE_LOG_CHARSET" value="UTF-8"/>
    <property name="native.encoding" value="UTF-8"/>
    <property name="java.library.path" value="/usr/java/packages/lib:/usr/lib64:/lib64:/lib:/usr/lib"/>
    <property name="java.vm.info" value="mixed mode, sharing"/>
    <property name="java.vendor" value="Amazon.com Inc."/>
    <property name="java.vm.version" value="17.0.12+7-LTS"/>
    <property name="sun.io.unicode.encoding" value="UnicodeLittle"/>
    <property name="java.class.version" value="61.0"/>
    <property name="LOGGED_APPLICATION_NAME" value="[sugram] "/>
  </properties>
  <testcase name="contextLoads" classname="com.sugaram.SugaramApplicationTests" time="0.451">
    <system-out><![CDATA[17:39:17.675 [main] INFO org.springframework.test.context.support.AnnotationConfigContextLoaderUtils -- Could not detect default configuration classes for test class [com.sugaram.SugaramApplicationTests]: SugaramApplicationTests does not declare any static, non-private, non-final, nested classes annotated with @Configuration.
17:39:17.780 [main] INFO org.springframework.boot.test.context.SpringBootTestContextBootstrapper -- Found @SpringBootConfiguration com.sugaram.SugaramApplication for test class com.sugaram.SugaramApplicationTests

  .   ____          _            __ _ _
 /\\ / ___'_ __ _ _(_)_ __  __ _ \ \ \ \
( ( )\___ | '_ | '_| | '_ \/ _` | \ \ \ \
 \\/  ___)| |_)| | | | | || (_| |  ) ) ) )
  '  |____| .__|_| |_|_| |_\__, | / / / /
 =========|_|==============|___/=/_/_/_/

 :: Spring Boot ::                (v3.3.4)

2024-10-26T17:39:18.156+05:00  INFO 26011 --- [sugram] [           main] com.sugaram.SugaramApplicationTests      : Starting SugaramApplicationTests using Java 17.0.12 with PID 26011 (started by shaxobiddin in /home/shaxobiddin/Downloads/Telegram Desktop/sugaram)
2024-10-26T17:39:18.158+05:00  INFO 26011 --- [sugram] [           main] com.sugaram.SugaramApplicationTests      : The following 1 profile is active: "prod"
2024-10-26T17:39:18.906+05:00  INFO 26011 --- [sugram] [           main] .s.d.r.c.RepositoryConfigurationDelegate : Bootstrapping Spring Data JPA repositories in DEFAULT mode.
2024-10-26T17:39:18.956+05:00  INFO 26011 --- [sugram] [           main] .s.d.r.c.RepositoryConfigurationDelegate : Finished Spring Data repository scanning in 44 ms. Found 4 JPA repository interfaces.
2024-10-26T17:39:19.446+05:00  INFO 26011 --- [sugram] [           main] o.hibernate.jpa.internal.util.LogHelper  : HHH000204: Processing PersistenceUnitInfo [name: default]
2024-10-26T17:39:19.486+05:00  INFO 26011 --- [sugram] [           main] org.hibernate.Version                    : HHH000412: Hibernate ORM core version 6.5.3.Final
2024-10-26T17:39:19.514+05:00  INFO 26011 --- [sugram] [           main] o.h.c.internal.RegionFactoryInitiator    : HHH000026: Second-level cache disabled
2024-10-26T17:39:19.748+05:00  INFO 26011 --- [sugram] [           main] o.s.o.j.p.SpringPersistenceUnitInfo      : No LoadTimeWeaver setup: ignoring JPA class transformer
2024-10-26T17:39:19.781+05:00  INFO 26011 --- [sugram] [           main] com.zaxxer.hikari.HikariDataSource       : HikariPool-1 - Starting...
2024-10-26T17:39:22.668+05:00  INFO 26011 --- [sugram] [           main] com.zaxxer.hikari.pool.HikariPool        : HikariPool-1 - Added connection org.postgresql.jdbc.PgConnection@18463720
2024-10-26T17:39:22.672+05:00  INFO 26011 --- [sugram] [           main] com.zaxxer.hikari.HikariDataSource       : HikariPool-1 - Start completed.
2024-10-26T17:39:23.933+05:00 DEBUG 26011 --- [sugram] [           main] o.h.t.d.sql.spi.DdlTypeRegistry          : addDescriptor(2003, org.hibernate.type.descriptor.sql.internal.ArrayDdlTypeImpl@5cd701e4) replaced previous registration(org.hibernate.type.descriptor.sql.internal.ArrayDdlTypeImpl@6c9151c1)
2024-10-26T17:39:23.934+05:00 DEBUG 26011 --- [sugram] [           main] o.h.t.d.sql.spi.DdlTypeRegistry          : addDescriptor(6, org.hibernate.type.descriptor.sql.internal.CapacityDependentDdlType@2c3679e5) replaced previous registration(org.hibernate.type.descriptor.sql.internal.DdlTypeImpl@41f40dfa)
2024-10-26T17:39:24.725+05:00  INFO 26011 --- [sugram] [           main] o.h.e.t.j.p.i.JtaPlatformInitiator       : HHH000489: No JTA platform available (set 'hibernate.transaction.jta.platform' to enable JTA platform integration)
2024-10-26T17:39:30.031+05:00  INFO 26011 --- [sugram] [           main] j.LocalContainerEntityManagerFactoryBean : Initialized JPA EntityManagerFactory for persistence unit 'default'
2024-10-26T17:39:30.613+05:00  WARN 26011 --- [sugram] [           main] JpaBaseConfiguration$JpaWebConfiguration : spring.jpa.open-in-view is enabled by default. Therefore, database queries may be performed during view rendering. Explicitly configure spring.jpa.open-in-view to disable this warning
2024-10-26T17:39:30.643+05:00  INFO 26011 --- [sugram] [           main] r$InitializeUserDetailsManagerConfigurer : Global AuthenticationManager configured with UserDetailsService bean with name userDetailsService
2024-10-26T17:39:31.474+05:00  INFO 26011 --- [sugram] [           main] com.sugaram.SugaramApplicationTests      : Started SugaramApplicationTests in 13.58 seconds (process running for 14.423)
]]></system-out>
  </testcase>
</testsuite>